<?xml version="1.0" encoding="utf-8"?><testsuites name="pytest tests"><testsuite name="pytest" errors="0" failures="0" skipped="0" tests="38" time="79.793" timestamp="2026-06-11T14:26:10.771647+00:00" hostname="agent-env-d0a4e36b-05a7-4cd3-ab02-4e4148461cfd"><testcase classname="tests.test_iteration4.TestAuth" name="test_admin_login_returns_token" time="68.514" /><testcase classname="tests.test_iteration4.TestAuth" name="test_client_login_returns_token" time="0.283" /><testcase classname="tests.test_iteration4.TestPurchaseOrders" name="test_admin_lists_pos" time="1.256" /><testcase classname="tests.test_iteration4.TestPurchaseOrders" name="test_client_blocked_from_pos" time="0.123" /><testcase classname="tests.test_iteration4.TestPurchaseOrders" name="test_create_po_status_requested_with_po_number" time="0.115" /><testcase classname="tests.test_iteration4.TestPurchaseOrders" name="test_site_engineer_cannot_approve" time="0.103" /><testcase classname="tests.test_iteration4.TestPurchaseOrders" name="test_invalid_transition_409" time="0.101" /><testcase classname="tests.test_iteration4.TestPurchaseOrders" name="test_admin_approves" time="0.103" /><testcase classname="tests.test_iteration4.TestPurchaseOrders" name="test_procurement_orders" time="0.144" /><testcase classname="tests.test_iteration4.TestPurchaseOrders" name="test_deliver" time="0.099" /><testcase classname="tests.test_iteration4.TestPurchaseOrders" name="test_terminal_no_more_transitions" time="0.137" /><testcase classname="tests.test_iteration4.TestApprovalWorkflow" name="test_admin_sees_all_requests" time="0.112" /><testcase classname="tests.test_iteration4.TestApprovalWorkflow" name="test_client_sees_only_client_assigned" time="0.115" /><testcase classname="tests.test_iteration4.TestApprovalWorkflow" name="test_admin_creates_pending_request" time="0.117" /><testcase classname="tests.test_iteration4.TestApprovalWorkflow" name="test_client_cannot_decide_internal_request" time="0.260" /><testcase classname="tests.test_iteration4.TestApprovalWorkflow" name="test_client_can_decide_client_request" time="0.107" /><testcase classname="tests.test_iteration4.TestApprovalWorkflow" name="test_decide_already_decided_returns_409" time="0.106" /><testcase classname="tests.test_iteration4.TestChecklists" name="test_list_templates_admin" time="0.106" /><testcase classname="tests.test_iteration4.TestChecklists" name="test_client_blocked_from_templates" time="4.234" /><testcase classname="tests.test_iteration4.TestChecklists" name="test_seeded_checklists_present" time="0.137" /><testcase classname="tests.test_iteration4.TestChecklists" name="test_instantiate_from_template" time="0.104" /><testcase classname="tests.test_iteration4.TestChecklists" name="test_duplicate_instantiate_returns_409" time="0.102" /><testcase classname="tests.test_iteration4.TestChecklists" name="test_item_toggle" time="0.199" /><testcase classname="tests.test_iteration4.TestChecklists" name="test_signed_off_checklist_locks_items" time="0.207" /><testcase classname="tests.test_iteration4.TestChecklists" name="test_signoff_blocks_when_not_all_pass" time="0.101" /><testcase classname="tests.test_iteration4.TestChecklists" name="test_client_blocked_on_item_patch_and_signoff" time="0.315" /><testcase classname="tests.test_iteration4.TestChecklists" name="test_signoff_succeeds_when_all_pass" time="0.760" /><testcase classname="tests.test_iteration4.TestFiles" name="test_admin_upload_returns_id_and_url" time="0.128" /><testcase classname="tests.test_iteration4.TestFiles" name="test_client_cannot_upload" time="0.096" /><testcase classname="tests.test_iteration4.TestFiles" name="test_download_with_query_token" time="0.112" /><testcase classname="tests.test_iteration4.TestFiles" name="test_download_with_header_token" time="0.120" /><testcase classname="tests.test_iteration4.TestFiles" name="test_download_no_token_401" time="0.098" /><testcase classname="tests.test_iteration4.TestDocuments" name="test_documents_have_file_url_no_base64" time="0.103" /><testcase classname="tests.test_iteration4.TestRegression" name="test_dashboard_summary_admin" time="0.137" /><testcase classname="tests.test_iteration4.TestRegression" name="test_client_blocked_on_boq" time="0.098" /><testcase classname="tests.test_iteration4.TestRegression" name="test_client_blocked_on_billing" time="0.097" /><testcase classname="tests.test_iteration4.TestRegression" name="test_team_pii_scrubbed_for_client" time="0.099" /><testcase classname="tests.test_iteration4.TestRegression" name="test_progress_pdf" time="0.410" /></testsuite></testsuites>