<?xml version="1.0" encoding="utf-8"?><testsuites name="pytest tests"><testsuite name="pytest" errors="0" failures="0" skipped="0" tests="28" time="4.924" timestamp="2026-06-10T09:49:29.594738+00:00" hostname="agent-env-d0a4e36b-05a7-4cd3-ab02-4e4148461cfd"><testcase classname="backend.tests.test_iteration2.TestProjects" name="test_three_villas" time="0.486" /><testcase classname="backend.tests.test_iteration2.TestClientForbidden" name="test_client_get_forbidden[/api/boq]" time="0.299" /><testcase classname="backend.tests.test_iteration2.TestClientForbidden" name="test_client_get_forbidden[/api/billing]" time="0.140" /><testcase classname="backend.tests.test_iteration2.TestClientForbidden" name="test_client_get_forbidden[/api/materials]" time="0.137" /><testcase classname="backend.tests.test_iteration2.TestClientForbidden" name="test_client_get_forbidden[/api/dashboard/summary]" time="0.108" /><testcase classname="backend.tests.test_iteration2.TestClientAllowed" name="test_client_get_allowed[/api/projects]" time="0.157" /><testcase classname="backend.tests.test_iteration2.TestClientAllowed" name="test_client_get_allowed[/api/stages]" time="0.116" /><testcase classname="backend.tests.test_iteration2.TestClientAllowed" name="test_client_get_allowed[/api/snags]" time="0.100" /><testcase classname="backend.tests.test_iteration2.TestClientAllowed" name="test_client_get_allowed[/api/quality]" time="0.102" /><testcase classname="backend.tests.test_iteration2.TestClientAllowed" name="test_client_get_allowed[/api/team]" time="0.100" /><testcase classname="backend.tests.test_iteration2.TestClientAllowed" name="test_client_get_allowed[/api/approvals]" time="0.137" /><testcase classname="backend.tests.test_iteration2.TestClientAllowed" name="test_client_get_allowed[/api/site-reports]" time="0.161" /><testcase classname="backend.tests.test_iteration2.TestClientAllowed" name="test_client_get_allowed[/api/documents]" time="0.101" /><testcase classname="backend.tests.test_iteration2.TestClientMutationsForbidden" name="test_client_cannot_patch_quality" time="0.205" /><testcase classname="backend.tests.test_iteration2.TestClientMutationsForbidden" name="test_client_cannot_patch_snag" time="0.240" /><testcase classname="backend.tests.test_iteration2.TestClientMutationsForbidden" name="test_client_cannot_post_documents" time="0.111" /><testcase classname="backend.tests.test_iteration2.TestSiteEngineerWrites" name="test_create_site_report_with_photos" time="0.365" /><testcase classname="backend.tests.test_iteration2.TestSiteEngineerWrites" name="test_se_can_patch_quality" time="0.318" /><testcase classname="backend.tests.test_iteration2.TestSiteEngineerWrites" name="test_se_patch_snag_appends_photos" time="0.193" /><testcase classname="backend.tests.test_iteration2.TestDocuments" name="test_documents_create_get_delete" time="0.421" /><testcase classname="backend.tests.test_iteration2.TestDocuments" name="test_seeded_documents_for_aurelia" time="0.101" /><testcase classname="backend.tests.test_iteration2.TestPDFReports" name="test_pdf_report[progress]" time="0.108" /><testcase classname="backend.tests.test_iteration2.TestPDFReports" name="test_pdf_report[cost]" time="0.104" /><testcase classname="backend.tests.test_iteration2.TestPDFReports" name="test_pdf_report[delay]" time="0.108" /><testcase classname="backend.tests.test_iteration2.TestPDFReports" name="test_pdf_report[safety]" time="0.102" /><testcase classname="backend.tests.test_iteration2.TestPDFReports" name="test_pdf_no_token" time="0.120" /><testcase classname="backend.tests.test_iteration2.TestPDFReports" name="test_pdf_client_forbidden" time="0.107" /><testcase classname="backend.tests.test_iteration2.TestPDFReports" name="test_pdf_unknown_kind" time="0.104" /></testsuite></testsuites>