<?xml version="1.0" encoding="utf-8"?><testsuites name="pytest tests"><testsuite name="pytest" errors="0" failures="0" skipped="0" tests="25" time="4.168" timestamp="2026-06-10T10:10:48.581650+00:00" hostname="agent-env-d0a4e36b-05a7-4cd3-ab02-4e4148461cfd"><testcase classname="backend.tests.test_iteration3.TestTeamPII" name="test_admin_sees_real_pii" time="0.489" /><testcase classname="backend.tests.test_iteration3.TestTeamPII" name="test_client_sees_scrubbed_pii" time="0.337" /><testcase classname="backend.tests.test_iteration3.TestDocumentsPagination" name="test_pagination_first_page" time="0.106" /><testcase classname="backend.tests.test_iteration3.TestDocumentsPagination" name="test_pagination_second_page" time="0.111" /><testcase classname="backend.tests.test_iteration3.TestDocumentsPagination" name="test_newest_first_after_post" time="0.360" /><testcase classname="backend.tests.test_iteration3.TestRBACRegression" name="test_client_forbidden[/api/boq]" time="0.161" /><testcase classname="backend.tests.test_iteration3.TestRBACRegression" name="test_client_forbidden[/api/billing]" time="0.104" /><testcase classname="backend.tests.test_iteration3.TestRBACRegression" name="test_client_forbidden[/api/materials]" time="0.102" /><testcase classname="backend.tests.test_iteration3.TestRBACRegression" name="test_client_forbidden[/api/dashboard/summary]" time="0.134" /><testcase classname="backend.tests.test_iteration3.TestRBACRegression" name="test_client_allowed_reads[/api/projects]" time="0.100" /><testcase classname="backend.tests.test_iteration3.TestRBACRegression" name="test_client_allowed_reads[/api/stages]" time="0.110" /><testcase classname="backend.tests.test_iteration3.TestRBACRegression" name="test_client_allowed_reads[/api/snags]" time="0.116" /><testcase classname="backend.tests.test_iteration3.TestRBACRegression" name="test_client_allowed_reads[/api/quality]" time="0.184" /><testcase classname="backend.tests.test_iteration3.TestRBACRegression" name="test_client_allowed_reads[/api/team]" time="0.113" /><testcase classname="backend.tests.test_iteration3.TestRBACRegression" name="test_client_allowed_reads[/api/approvals]" time="0.102" /><testcase classname="backend.tests.test_iteration3.TestRBACRegression" name="test_client_allowed_reads[/api/site-reports]" time="0.116" /><testcase classname="backend.tests.test_iteration3.TestRBACRegression" name="test_client_allowed_reads[/api/documents]" time="0.115" /><testcase classname="backend.tests.test_iteration3.TestRBACRegression" name="test_client_cannot_patch_quality" time="0.204" /><testcase classname="backend.tests.test_iteration3.TestRBACRegression" name="test_client_cannot_post_documents" time="0.107" /><testcase classname="backend.tests.test_iteration3.TestRBACRegression" name="test_se_can_create_site_report" time="0.269" /><testcase classname="backend.tests.test_iteration3.TestPDFBranding" name="test_pdf_branding[progress]" time="0.197" /><testcase classname="backend.tests.test_iteration3.TestPDFBranding" name="test_pdf_branding[cost]" time="0.115" /><testcase classname="backend.tests.test_iteration3.TestPDFBranding" name="test_pdf_branding[delay]" time="0.116" /><testcase classname="backend.tests.test_iteration3.TestPDFBranding" name="test_pdf_branding[safety]" time="0.111" /><testcase classname="backend.tests.test_iteration3.TestHealth" name="test_root" time="0.095" /></testsuite></testsuites>