<?xml version="1.0" encoding="utf-8"?><testsuites name="pytest tests"><testsuite name="pytest" errors="0" failures="0" skipped="0" tests="34" time="4.963" timestamp="2026-06-10T09:12:54.303890+00:00" hostname="agent-env-d0a4e36b-05a7-4cd3-ab02-4e4148461cfd"><testcase classname="backend.tests.test_regal_park_api.TestAuth" name="test_login_success" time="0.322" /><testcase classname="backend.tests.test_regal_park_api.TestAuth" name="test_login_invalid" time="0.152" /><testcase classname="backend.tests.test_regal_park_api.TestAuth" name="test_me_with_token" time="0.270" /><testcase classname="backend.tests.test_regal_park_api.TestAuth" name="test_me_without_token" time="0.134" /><testcase classname="backend.tests.test_regal_park_api.TestAuth" name="test_client_login" time="0.152" /><testcase classname="backend.tests.test_regal_park_api.TestProjects" name="test_list_projects" time="0.132" /><testcase classname="backend.tests.test_regal_park_api.TestProjects" name="test_get_project_detail" time="0.132" /><testcase classname="backend.tests.test_regal_park_api.TestProjects" name="test_get_project_not_found" time="0.143" /><testcase classname="backend.tests.test_regal_park_api.TestProjects" name="test_unauth_projects" time="0.094" /><testcase classname="backend.tests.test_regal_park_api.TestDashboard" name="test_summary" time="0.104" /><testcase classname="backend.tests.test_regal_park_api.TestDomainLists" name="test_list_counts[/api/stages-23]" time="0.165" /><testcase classname="backend.tests.test_regal_park_api.TestDomainLists" name="test_list_counts[/api/boq-20]" time="0.102" /><testcase classname="backend.tests.test_regal_park_api.TestDomainLists" name="test_list_counts[/api/materials-12]" time="0.105" /><testcase classname="backend.tests.test_regal_park_api.TestDomainLists" name="test_list_counts[/api/billing-6]" time="0.102" /><testcase classname="backend.tests.test_regal_park_api.TestDomainLists" name="test_list_counts[/api/quality-9]" time="0.099" /><testcase classname="backend.tests.test_regal_park_api.TestDomainLists" name="test_list_counts[/api/snags-8]" time="0.109" /><testcase classname="backend.tests.test_regal_park_api.TestDomainLists" name="test_list_counts[/api/team-12]" time="0.101" /><testcase classname="backend.tests.test_regal_park_api.TestDomainLists" name="test_list_counts[/api/approvals-8]" time="0.110" /><testcase classname="backend.tests.test_regal_park_api.TestDomainLists" name="test_list_counts[/api/site-reports-5]" time="0.100" /><testcase classname="backend.tests.test_regal_park_api.TestDomainLists" name="test_stages_sorted_by_order" time="0.106" /><testcase classname="backend.tests.test_regal_park_api.TestDomainLists" name="test_unauth_stages" time="0.090" /><testcase classname="backend.tests.test_regal_park_api.TestWrites" name="test_create_site_report" time="0.203" /><testcase classname="backend.tests.test_regal_park_api.TestWrites" name="test_update_quality" time="0.306" /><testcase classname="backend.tests.test_regal_park_api.TestWrites" name="test_update_snag" time="0.317" /><testcase classname="backend.tests.test_regal_park_api.TestWrites" name="test_create_report_unauth" time="0.093" /><testcase classname="backend.tests.test_regal_park_api.TestUnauth" name="test_unauthenticated_returns_401[/api/dashboard/summary]" time="0.112" /><testcase classname="backend.tests.test_regal_park_api.TestUnauth" name="test_unauthenticated_returns_401[/api/boq]" time="0.104" /><testcase classname="backend.tests.test_regal_park_api.TestUnauth" name="test_unauthenticated_returns_401[/api/materials]" time="0.097" /><testcase classname="backend.tests.test_regal_park_api.TestUnauth" name="test_unauthenticated_returns_401[/api/billing]" time="0.104" /><testcase classname="backend.tests.test_regal_park_api.TestUnauth" name="test_unauthenticated_returns_401[/api/quality]" time="0.154" /><testcase classname="backend.tests.test_regal_park_api.TestUnauth" name="test_unauthenticated_returns_401[/api/snags]" time="0.098" /><testcase classname="backend.tests.test_regal_park_api.TestUnauth" name="test_unauthenticated_returns_401[/api/team]" time="0.106" /><testcase classname="backend.tests.test_regal_park_api.TestUnauth" name="test_unauthenticated_returns_401[/api/approvals]" time="0.090" /><testcase classname="backend.tests.test_regal_park_api.TestUnauth" name="test_unauthenticated_returns_401[/api/site-reports]" time="0.103" /></testsuite></testsuites>